2023-06-16 13:43:31[ INFO ]>>queryUserList用户列表查询测试成功
2023-06-16 13:44:25[ INFO ]>>insert用户插入测试成功
2023-06-16 13:46:31[ INFO ]>>qselectUserInfo用户登录测试成功
2023-06-16 13:47:20[ INFO ]>>delete用户删除测试成功
2023-06-16 13:53:41[ INFO ]>>queryProjectList项目列表查询测试成功
2023-06-16 14:04:13[ INFO ]>>queryProjectList项目新增测试成功
2023-06-16 14:33:19[ INFO ]>>delete项目删除测试成功
2023-06-16 14:37:44[ INFO ]>>modifyProject项目修改测试成功
2023-06-17 22:11:45[ INFO ]>>modifyProject项目修改测试成功
2023-06-17 22:12:20[ INFO ]>>modifyProject项目修改测试成功
2023-06-19 14:51:00[ INFO ]>>queryProjectList项目新增测试成功
2023-06-19 14:51:00[ INFO ]>>modifyProject项目修改测试成功
2023-06-19 14:51:00[ INFO ]>>queryProjectList项目列表查询测试成功
2023-06-19 14:51:00[ INFO ]>>delete项目删除测试成功
2023-06-19 14:52:50[ INFO ]>>queryProjectList项目新增测试成功
2023-06-19 14:52:50[ INFO ]>>modifyProject项目修改测试成功
2023-06-19 14:52:50[ INFO ]>>queryProjectList项目列表查询测试成功
2023-06-19 14:52:50[ INFO ]>>delete项目删除测试成功
2023-06-19 15:00:11[ INFO ]>>queryProjectList项目新增测试成功
2023-06-19 15:00:11[ INFO ]>>modifyProject项目修改测试成功
2023-06-19 15:00:11[ INFO ]>>queryProjectList项目列表查询测试成功
2023-06-19 15:00:11[ INFO ]>>delete项目删除测试成功
2023-06-19 15:08:15[ INFO ]>>queryProjectList项目新增测试成功
2023-06-19 15:08:15[ INFO ]>>modifyProject项目修改测试成功
2023-06-19 15:08:15[ INFO ]>>queryProjectList项目列表查询测试成功
2023-06-19 15:08:15[ INFO ]>>delete项目删除测试成功
2023-06-19 15:12:36[ INFO ]>>queryProjectList项目新增测试成功
2023-06-19 15:12:36[ INFO ]>>modifyProject项目修改测试成功
2023-06-19 15:12:36[ INFO ]>>queryProjectList项目列表查询测试成功
2023-06-19 15:12:36[ INFO ]>>delete项目删除测试成功
2023-06-19 15:17:19[ INFO ]>>queryProjectList项目新增测试成功
2023-06-19 15:17:19[ INFO ]>>modifyProject项目修改测试成功
2023-06-19 15:17:19[ INFO ]>>queryProjectList项目列表查询测试成功
2023-06-19 15:17:19[ INFO ]>>delete项目删除测试成功
2023-06-19 15:17:19[ INFO ]>>insert用户插入测试成功
2023-06-19 15:18:10[ INFO ]>>qselectUserInfo用户登录测试成功
2023-06-19 15:18:10[ INFO ]>>queryUserList用户列表查询测试成功
2023-06-19 15:18:31[ INFO ]>>delete用户删除测试成功
2023-06-19 15:30:17[ INFO ]>>queryProjectList项目新增测试成功
2023-06-19 15:30:17[ INFO ]>>modifyProject项目修改测试成功
2023-06-19 15:30:17[ INFO ]>>queryProjectList项目列表查询测试成功
2023-06-19 15:30:17[ INFO ]>>delete项目删除测试成功
2023-06-19 15:30:17[ INFO ]>>insert用户插入测试成功
2023-06-19 15:31:08[ INFO ]>>qselectUserInfo用户登录测试成功
2023-06-19 15:31:08[ INFO ]>>queryUserList用户列表查询测试成功
2023-06-19 15:31:52[ INFO ]>>delete用户删除测试成功
2023-06-19 15:32:40[ INFO ]>>queryProjectList项目新增测试成功
2023-06-19 15:32:40[ INFO ]>>modifyProject项目修改测试成功
2023-06-19 15:32:40[ INFO ]>>queryProjectList项目列表查询测试成功
2023-06-19 15:32:40[ INFO ]>>delete项目删除测试成功
2023-06-19 15:32:40[ INFO ]>>insert用户插入测试成功
2023-06-19 15:33:32[ INFO ]>>qselectUserInfo用户登录测试成功
2023-06-19 15:33:33[ INFO ]>>queryUserList用户列表查询测试成功
2023-06-19 16:09:00[ INFO ]>>delete用户删除测试成功
2023-06-19 16:11:11[ INFO ]>>queryProjectList项目新增测试成功
2023-06-19 16:11:11[ INFO ]>>modifyProject项目修改测试成功
2023-06-19 16:11:11[ INFO ]>>queryProjectList项目列表查询测试成功
2023-06-19 16:11:11[ INFO ]>>delete项目删除测试成功
2023-06-19 16:11:11[ INFO ]>>insert用户插入测试成功
2023-06-19 16:12:02[ INFO ]>>qselectUserInfo用户登录测试成功
2023-06-19 16:12:02[ INFO ]>>queryUserList用户列表查询测试成功
2023-06-19 16:17:11[ INFO ]>>queryProjectList项目新增测试成功
2023-06-19 16:17:11[ INFO ]>>modifyProject项目修改测试成功
2023-06-19 16:17:11[ INFO ]>>queryProjectList项目列表查询测试成功
2023-06-19 16:17:11[ INFO ]>>delete项目删除测试成功
2023-06-19 16:17:11[ INFO ]>>insert用户插入测试成功
2023-06-19 16:18:02[ INFO ]>>qselectUserInfo用户登录测试成功
2023-06-19 16:18:02[ INFO ]>>queryUserList用户列表查询测试成功
2023-06-19 16:18:30[ INFO ]>>queryProjectList项目新增测试成功
2023-06-19 16:18:30[ INFO ]>>modifyProject项目修改测试成功
2023-06-19 16:18:30[ INFO ]>>queryProjectList项目列表查询测试成功
2023-06-19 16:18:30[ INFO ]>>delete项目删除测试成功
2023-06-19 16:18:30[ INFO ]>>insert用户插入测试成功
2023-06-19 16:19:21[ INFO ]>>qselectUserInfo用户登录测试成功
2023-06-19 16:19:21[ INFO ]>>queryUserList用户列表查询测试成功
2023-06-19 16:20:35[ INFO ]>>queryProjectList项目新增测试成功
2023-06-19 16:20:35[ INFO ]>>modifyProject项目修改测试成功
2023-06-19 16:20:35[ INFO ]>>queryProjectList项目列表查询测试成功
2023-06-19 16:20:35[ INFO ]>>delete项目删除测试成功
2023-06-19 16:20:35[ INFO ]>>insert用户插入测试成功
2023-06-19 16:21:26[ INFO ]>>qselectUserInfo用户登录测试成功
2023-06-19 16:21:26[ INFO ]>>queryUserList用户列表查询测试成功
2023-06-19 17:19:22[ INFO ]>>queryProjectList项目新增测试成功
2023-06-19 17:19:22[ INFO ]>>modifyProject项目修改测试成功
2023-06-19 17:19:22[ INFO ]>>queryProjectList项目列表查询测试成功
2023-06-19 17:19:22[ INFO ]>>delete项目删除测试成功
2023-06-19 17:19:22[ INFO ]>>insert用户插入测试成功
2023-06-19 17:20:13[ INFO ]>>qselectUserInfo用户登录测试成功
2023-06-19 17:20:14[ INFO ]>>queryUserList用户列表查询测试成功
2023-06-19 17:21:17[ INFO ]>>queryProjectList项目新增测试成功
2023-06-19 17:21:17[ INFO ]>>modifyProject项目修改测试成功
2023-06-19 17:21:17[ INFO ]>>queryProjectList项目列表查询测试成功
2023-06-19 17:21:17[ INFO ]>>delete项目删除测试成功
2023-06-19 17:21:18[ INFO ]>>insert用户插入测试成功
2023-06-19 17:22:09[ INFO ]>>qselectUserInfo用户登录测试成功
2023-06-19 17:22:09[ INFO ]>>queryUserList用户列表查询测试成功
2023-06-19 17:30:37[ INFO ]>>queryProjectList项目新增测试成功
2023-06-19 17:30:37[ INFO ]>>modifyProject项目修改测试成功
2023-06-19 17:30:37[ INFO ]>>queryProjectList项目列表查询测试成功
2023-06-19 17:30:37[ INFO ]>>delete项目删除测试成功
2023-06-19 17:30:37[ INFO ]>>insert用户插入测试成功
2023-06-19 17:31:28[ INFO ]>>qselectUserInfo用户登录测试成功
2023-06-19 17:31:28[ INFO ]>>queryUserList用户列表查询测试成功
2023-06-19 17:32:39[ INFO ]>>queryProjectList项目新增测试成功
2023-06-19 17:32:39[ INFO ]>>modifyProject项目修改测试成功
2023-06-19 17:32:39[ INFO ]>>queryProjectList项目列表查询测试成功
2023-06-19 17:32:39[ INFO ]>>delete项目删除测试成功
2023-06-19 17:32:39[ INFO ]>>insert用户插入测试成功
2023-06-19 17:33:30[ INFO ]>>qselectUserInfo用户登录测试成功
2023-06-19 17:33:30[ INFO ]>>queryUserList用户列表查询测试成功
2023-06-19 17:38:42[ INFO ]>>queryProjectList项目新增测试成功
2023-06-19 17:38:42[ INFO ]>>modifyProject项目修改测试成功
2023-06-19 17:38:42[ INFO ]>>queryProjectList项目列表查询测试成功
2023-06-19 17:38:42[ INFO ]>>delete项目删除测试成功
2023-06-19 17:38:42[ INFO ]>>insert用户插入测试成功
2023-06-19 17:39:33[ INFO ]>>qselectUserInfo用户登录测试成功
2023-06-19 17:39:34[ INFO ]>>queryUserList用户列表查询测试成功
2023-06-19 17:40:48[ INFO ]>>queryProjectList项目新增测试成功
2023-06-19 17:40:48[ INFO ]>>modifyProject项目修改测试成功
2023-06-19 17:40:48[ INFO ]>>queryProjectList项目列表查询测试成功
2023-06-19 17:40:48[ INFO ]>>delete项目删除测试成功
2023-06-19 17:40:48[ INFO ]>>insert用户插入测试成功
2023-06-19 17:41:27[ INFO ]>>queryProjectList项目新增测试成功
2023-06-19 17:41:27[ INFO ]>>modifyProject项目修改测试成功
2023-06-19 17:41:27[ INFO ]>>queryProjectList项目列表查询测试成功
2023-06-19 17:41:27[ INFO ]>>delete项目删除测试成功
2023-06-19 17:41:27[ INFO ]>>insert用户插入测试成功
2023-06-19 17:41:39[ INFO ]>>qselectUserInfo用户登录测试成功
2023-06-19 17:41:40[ INFO ]>>queryUserList用户列表查询测试成功
2023-06-19 17:42:30[ INFO ]>>qselectUserInfo用户登录测试成功
2023-06-19 17:42:30[ INFO ]>>queryUserList用户列表查询测试成功
2023-06-20 11:13:38[ INFO ]>>delete用户删除测试成功
2023-06-20 11:14:37[ INFO ]>>queryProjectList项目新增测试成功
2023-06-20 11:14:37[ INFO ]>>modifyProject项目修改测试成功
2023-06-20 11:14:37[ INFO ]>>queryProjectList项目列表查询测试成功
2023-06-20 11:14:37[ INFO ]>>delete项目删除测试成功
2023-06-20 11:14:37[ INFO ]>>insert用户插入测试成功
2023-06-20 11:15:28[ INFO ]>>qselectUserInfo用户登录测试成功
2023-06-20 11:15:28[ INFO ]>>queryUserList用户列表查询测试成功
2023-06-20 11:35:48[ INFO ]>>queryProjectList项目新增测试成功
2023-06-20 11:35:49[ INFO ]>>modifyProject项目修改测试成功
2023-06-20 11:35:49[ INFO ]>>queryProjectList项目列表查询测试成功
2023-06-20 11:35:49[ INFO ]>>delete项目删除测试成功
2023-06-20 11:35:49[ INFO ]>>insert用户插入测试成功
2023-06-20 11:36:40[ INFO ]>>qselectUserInfo用户登录测试成功
2023-06-20 11:36:40[ INFO ]>>queryUserList用户列表查询测试成功
2023-06-20 11:38:45[ INFO ]>>queryProjectList项目新增测试成功
2023-06-20 11:38:45[ INFO ]>>modifyProject项目修改测试成功
2023-06-20 11:38:45[ INFO ]>>queryProjectList项目列表查询测试成功
2023-06-20 11:38:45[ INFO ]>>delete项目删除测试成功
2023-06-20 11:41:20[ INFO ]>>queryProjectList项目新增测试成功
2023-06-20 11:41:20[ INFO ]>>modifyProject项目修改测试成功
2023-06-20 11:41:20[ INFO ]>>queryProjectList项目列表查询测试成功
2023-06-20 11:41:20[ INFO ]>>delete项目删除测试成功
2023-06-20 11:41:20[ INFO ]>>insert用户插入测试成功
2023-06-20 11:41:20[ INFO ]>>delete用户删除测试成功
2023-06-20 11:41:20[ INFO ]>>qselectUserInfo用户登录测试成功
2023-06-20 11:41:20[ INFO ]>>queryUserList用户列表查询测试成功
2023-06-20 11:44:52[ INFO ]>>queryProjectList项目新增测试成功
2023-06-20 11:44:52[ INFO ]>>modifyProject项目修改测试成功
2023-06-20 11:44:52[ INFO ]>>queryProjectList项目列表查询测试成功
2023-06-20 11:44:52[ INFO ]>>delete项目删除测试成功
2023-06-20 11:44:52[ INFO ]>>insert用户插入测试成功
2023-06-20 11:44:52[ INFO ]>>delete用户删除测试成功
2023-06-20 11:44:52[ INFO ]>>qselectUserInfo用户登录测试成功
2023-06-20 11:44:52[ INFO ]>>queryUserList用户列表查询测试成功
2023-06-20 11:44:57[ INFO ]>>queryProjectList项目新增测试成功
2023-06-20 11:44:57[ INFO ]>>modifyProject项目修改测试成功
2023-06-20 11:44:57[ INFO ]>>queryProjectList项目列表查询测试成功
2023-06-20 11:44:57[ INFO ]>>delete项目删除测试成功
2023-06-20 11:44:57[ INFO ]>>insert用户插入测试成功
2023-06-20 11:44:57[ INFO ]>>delete用户删除测试成功
2023-06-20 11:44:57[ INFO ]>>qselectUserInfo用户登录测试成功
2023-06-20 11:44:57[ INFO ]>>queryUserList用户列表查询测试成功
2023-06-20 11:45:23[ INFO ]>>queryProjectList项目新增测试成功
2023-06-20 11:45:24[ INFO ]>>modifyProject项目修改测试成功
2023-06-20 11:45:24[ INFO ]>>queryProjectList项目列表查询测试成功
2023-06-20 11:45:24[ INFO ]>>delete项目删除测试成功
2023-06-20 11:45:24[ INFO ]>>insert用户插入测试成功
2023-06-20 11:45:24[ INFO ]>>delete用户删除测试成功
2023-06-20 11:45:24[ INFO ]>>qselectUserInfo用户登录测试成功
2023-06-20 11:45:24[ INFO ]>>queryUserList用户列表查询测试成功
2023-06-20 11:47:04[ INFO ]>>queryProjectList项目新增测试成功
2023-06-20 11:47:04[ INFO ]>>modifyProject项目修改测试成功
2023-06-20 11:47:04[ INFO ]>>queryProjectList项目列表查询测试成功
2023-06-20 11:47:04[ INFO ]>>delete项目删除测试成功
2023-06-20 11:47:04[ INFO ]>>insert用户插入测试成功
2023-06-20 11:47:04[ INFO ]>>delete用户删除测试成功
2023-06-20 11:47:04[ INFO ]>>qselectUserInfo用户登录测试成功
2023-06-20 11:47:04[ INFO ]>>queryUserList用户列表查询测试成功
2023-06-20 11:47:43[ INFO ]>>queryProjectList项目新增测试成功
2023-06-20 11:47:43[ INFO ]>>modifyProject项目修改测试成功
2023-06-20 11:47:43[ INFO ]>>queryProjectList项目列表查询测试成功
2023-06-20 11:47:43[ INFO ]>>delete项目删除测试成功
2023-06-20 11:47:43[ INFO ]>>insert用户插入测试成功
2023-06-20 11:47:43[ INFO ]>>delete用户删除测试成功
2023-06-20 11:47:43[ INFO ]>>qselectUserInfo用户登录测试成功
2023-06-20 11:47:43[ INFO ]>>queryUserList用户列表查询测试成功
2023-06-20 11:47:48[ INFO ]>>queryProjectList项目新增测试成功
2023-06-20 11:47:48[ INFO ]>>modifyProject项目修改测试成功
2023-06-20 11:47:48[ INFO ]>>queryProjectList项目列表查询测试成功
2023-06-20 11:47:48[ INFO ]>>delete项目删除测试成功
2023-06-20 11:47:48[ INFO ]>>insert用户插入测试成功
2023-06-20 11:47:48[ INFO ]>>delete用户删除测试成功
2023-06-20 11:47:48[ INFO ]>>qselectUserInfo用户登录测试成功
2023-06-20 11:47:48[ INFO ]>>queryUserList用户列表查询测试成功
2023-06-20 11:48:20[ INFO ]>>queryProjectList项目新增测试成功
2023-06-20 11:48:20[ INFO ]>>modifyProject项目修改测试成功
2023-06-20 11:48:20[ INFO ]>>queryProjectList项目列表查询测试成功
2023-06-20 11:48:20[ INFO ]>>delete项目删除测试成功
2023-06-20 11:48:20[ INFO ]>>insert用户插入测试成功
2023-06-20 11:48:20[ INFO ]>>delete用户删除测试成功
2023-06-20 11:48:20[ INFO ]>>qselectUserInfo用户登录测试成功
2023-06-20 11:48:20[ INFO ]>>queryUserList用户列表查询测试成功
2023-06-20 13:08:55[ INFO ]>>queryProjectList项目新增测试成功
2023-06-20 13:08:55[ INFO ]>>modifyProject项目修改测试成功
2023-06-20 13:08:55[ INFO ]>>queryProjectList项目列表查询测试成功
2023-06-20 13:08:55[ INFO ]>>delete项目删除测试成功
2023-06-20 13:08:55[ INFO ]>>insert用户插入测试成功
2023-06-20 13:08:55[ INFO ]>>delete用户删除测试成功
2023-06-20 13:08:55[ INFO ]>>qselectUserInfo用户登录测试成功
2023-06-20 13:08:55[ INFO ]>>queryUserList用户列表查询测试成功
2023-06-20 13:11:07[ INFO ]>>queryProjectList项目新增测试成功
2023-06-20 13:11:07[ INFO ]>>modifyProject项目修改测试成功
2023-06-20 13:11:07[ INFO ]>>queryProjectList项目列表查询测试成功
2023-06-20 13:11:07[ INFO ]>>delete项目删除测试成功
2023-06-20 13:11:07[ INFO ]>>insert用户插入测试成功
2023-06-20 13:11:07[ INFO ]>>delete用户删除测试成功
2023-06-20 13:11:07[ INFO ]>>qselectUserInfo用户登录测试成功
2023-06-20 13:11:07[ INFO ]>>queryUserList用户列表查询测试成功
2023-06-20 13:13:16[ INFO ]>>queryProjectList项目新增测试成功
2023-06-20 13:13:16[ INFO ]>>modifyProject项目修改测试成功
2023-06-20 13:13:16[ INFO ]>>queryProjectList项目列表查询测试成功
2023-06-20 13:13:16[ INFO ]>>delete项目删除测试成功
2023-06-20 13:13:16[ INFO ]>>insert用户插入测试成功
2023-06-20 13:13:16[ INFO ]>>delete用户删除测试成功
2023-06-20 13:13:16[ INFO ]>>qselectUserInfo用户登录测试成功
2023-06-20 13:13:16[ INFO ]>>queryUserList用户列表查询测试成功
2023-06-20 13:14:04[ INFO ]>>queryProjectList项目新增测试成功
2023-06-20 13:14:04[ INFO ]>>modifyProject项目修改测试成功
2023-06-20 13:14:04[ INFO ]>>queryProjectList项目列表查询测试成功
2023-06-20 13:14:04[ INFO ]>>delete项目删除测试成功
2023-06-20 13:14:04[ INFO ]>>insert用户插入测试成功
2023-06-20 13:14:04[ INFO ]>>delete用户删除测试成功
2023-06-20 13:14:04[ INFO ]>>qselectUserInfo用户登录测试成功
2023-06-20 13:14:04[ INFO ]>>queryUserList用户列表查询测试成功
2023-06-20 13:14:10[ INFO ]>>queryProjectList项目新增测试成功
2023-06-20 13:14:10[ INFO ]>>modifyProject项目修改测试成功
2023-06-20 13:14:10[ INFO ]>>queryProjectList项目列表查询测试成功
2023-06-20 13:14:10[ INFO ]>>delete项目删除测试成功
2023-06-20 13:14:10[ INFO ]>>insert用户插入测试成功
2023-06-20 13:14:10[ INFO ]>>delete用户删除测试成功
2023-06-20 13:14:10[ INFO ]>>qselectUserInfo用户登录测试成功
2023-06-20 13:14:10[ INFO ]>>queryUserList用户列表查询测试成功
2023-06-20 13:16:27[ INFO ]>>queryProjectList项目新增测试成功
2023-06-20 13:16:27[ INFO ]>>modifyProject项目修改测试成功
2023-06-20 13:16:27[ INFO ]>>queryProjectList项目列表查询测试成功
2023-06-20 13:16:27[ INFO ]>>delete项目删除测试成功
2023-06-20 13:16:27[ INFO ]>>insert用户插入测试成功
2023-06-20 13:16:27[ INFO ]>>delete用户删除测试成功
2023-06-20 13:16:27[ INFO ]>>qselectUserInfo用户登录测试成功
2023-06-20 13:16:27[ INFO ]>>queryUserList用户列表查询测试成功
2023-06-20 13:17:02[ INFO ]>>queryProjectList项目新增测试成功
2023-06-20 13:17:02[ INFO ]>>modifyProject项目修改测试成功
2023-06-20 13:17:02[ INFO ]>>queryProjectList项目列表查询测试成功
2023-06-20 13:17:02[ INFO ]>>delete项目删除测试成功
2023-06-20 13:17:02[ INFO ]>>insert用户插入测试成功
2023-06-20 13:17:02[ INFO ]>>delete用户删除测试成功
2023-06-20 13:17:02[ INFO ]>>qselectUserInfo用户登录测试成功
2023-06-20 13:17:02[ INFO ]>>queryUserList用户列表查询测试成功
2023-06-20 13:17:07[ INFO ]>>queryProjectList项目新增测试成功
2023-06-20 13:17:07[ INFO ]>>modifyProject项目修改测试成功
2023-06-20 13:17:08[ INFO ]>>queryProjectList项目列表查询测试成功
2023-06-20 13:17:08[ INFO ]>>delete项目删除测试成功
2023-06-20 13:17:08[ INFO ]>>insert用户插入测试成功
2023-06-20 13:17:08[ INFO ]>>delete用户删除测试成功
2023-06-20 13:17:08[ INFO ]>>qselectUserInfo用户登录测试成功
2023-06-20 13:17:08[ INFO ]>>queryUserList用户列表查询测试成功
